TN:
SF:detect.js
FN:28,textLooksLikeMarkdown
FN:57,isMarkdownUrl
FN:67,isSharePointUrl
FN:76,isGoogleDriveUrl
FN:86,isDropboxUrl
FN:95,isBoxUrl
FN:104,isGitHubRawUrl
FN:134,detectSharePointMarkdown
FN:167,getSharePointSiteUrl
FN:182,buildSharePointFileFetchUrl
FN:200,encodeSharePointSharingUrl
FN:228,extractDriveFileId
FNF:12
FNH:12
FNDA:14,textLooksLikeMarkdown
FNDA:13,isMarkdownUrl
FNDA:26,isSharePointUrl
FNDA:5,isGoogleDriveUrl
FNDA:2,isDropboxUrl
FNDA:2,isBoxUrl
FNDA:2,isGitHubRawUrl
FNDA:17,detectSharePointMarkdown
FNDA:11,getSharePointSiteUrl
FNDA:4,buildSharePointFileFetchUrl
FNDA:5,encodeSharePointSharingUrl
FNDA:5,extractDriveFileId
DA:1,1
DA:2,1
DA:3,1
DA:4,1
DA:5,1
DA:6,1
DA:7,1
DA:8,1
DA:9,1
DA:10,1
DA:11,1
DA:12,1
DA:13,1
DA:14,1
DA:15,1
DA:16,1
DA:17,1
DA:18,1
DA:19,1
DA:20,1
DA:21,1
DA:22,1
DA:23,1
DA:24,1
DA:25,1
DA:26,1
DA:27,1
DA:28,1
DA:29,14
DA:30,8
DA:31,8
DA:32,14
DA:33,58
DA:34,58
DA:35,58
DA:36,58
DA:37,58
DA:38,58
DA:39,58
DA:40,58
DA:41,58
DA:42,58
DA:43,8
DA:44,14
DA:45,1
DA:46,1
DA:47,1
DA:48,1
DA:49,1
DA:50,1
DA:51,1
DA:52,1
DA:53,1
DA:54,1
DA:55,1
DA:56,1
DA:57,1
DA:58,13
DA:59,13
DA:60,13
DA:61,13
DA:62,3
DA:63,3
DA:64,13
DA:65,1
DA:66,1
DA:67,1
DA:68,26
DA:69,26
DA:70,26
DA:71,3
DA:72,3
DA:73,26
DA:74,1
DA:75,1
DA:76,1
DA:77,5
DA:78,5
DA:79,5
DA:80,5
DA:81,0
DA:82,0
DA:83,5
DA:84,1
DA:85,1
DA:86,1
DA:87,2
DA:88,2
DA:89,2
DA:90,0
DA:91,0
DA:92,2
DA:93,1
DA:94,1
DA:95,1
DA:96,2
DA:97,2
DA:98,2
DA:99,0
DA:100,0
DA:101,2
DA:102,1
DA:103,1
DA:104,1
DA:105,2
DA:106,2
DA:107,2
DA:108,0
DA:109,0
DA:110,2
DA:111,1
DA:112,1
DA:113,1
DA:114,1
DA:115,1
DA:116,1
DA:117,1
DA:118,1
DA:119,1
DA:120,1
DA:121,1
DA:122,1
DA:123,1
DA:124,1
DA:125,1
DA:126,1
DA:127,1
DA:128,1
DA:129,1
DA:130,1
DA:131,1
DA:132,1
DA:133,1
DA:134,1
DA:135,17
DA:136,13
DA:137,13
DA:138,13
DA:139,17
DA:140,7
DA:141,7
DA:142,7
DA:143,7
DA:144,7
DA:145,6
DA:146,17
DA:147,1
DA:148,1
DA:149,5
DA:150,5
DA:151,17
DA:152,1
DA:153,1
DA:154,1
DA:155,1
DA:156,1
DA:157,1
DA:158,1
DA:159,1
DA:160,1
DA:161,1
DA:162,1
DA:163,1
DA:164,1
DA:165,1
DA:166,1
DA:167,1
DA:168,11
DA:169,2
DA:170,2
DA:171,9
DA:172,11
DA:173,11
DA:174,1
DA:175,1
DA:176,1
DA:177,1
DA:178,1
DA:179,1
DA:180,1
DA:181,1
DA:182,1
DA:183,4
DA:184,4
DA:185,4
DA:186,4
DA:187,4
DA:188,4
DA:189,4
DA:190,4
DA:191,4
DA:192,1
DA:193,1
DA:194,1
DA:195,1
DA:196,1
DA:197,1
DA:198,1
DA:199,1
DA:200,1
DA:201,5
DA:202,5
DA:203,5
DA:204,5
DA:205,5
DA:206,0
DA:207,0
DA:208,0
DA:209,0
DA:210,5
DA:211,5
DA:212,1
DA:213,1
DA:214,1
DA:215,1
DA:216,1
DA:217,1
DA:218,1
DA:219,1
DA:220,1
DA:221,1
DA:222,1
DA:223,1
DA:224,1
DA:225,1
DA:226,1
DA:227,1
DA:228,1
DA:229,5
DA:230,5
DA:231,5
DA:232,5
DA:233,3
DA:234,3
DA:235,5
DA:236,2
DA:237,5
DA:238,5
DA:239,5
DA:240,1
DA:241,1
DA:242,2
DA:243,5
DA:244,1
DA:245,1
DA:246,1
DA:247,1
DA:248,1
DA:249,1
DA:250,1
DA:251,1
DA:252,1
DA:253,1
DA:254,1
DA:255,1
DA:256,1
DA:257,1
DA:258,1
DA:259,1
DA:260,1
DA:261,1
DA:262,1
DA:263,1
DA:264,1
DA:265,1
DA:266,1
DA:267,1
DA:268,1
DA:269,1
LF:269
LH:257
BRDA:1,0,0,1
BRDA:269,1,0,0
BRDA:11,2,0,1
BRDA:28,3,0,14
BRDA:29,4,0,11
BRDA:29,5,0,9
BRDA:29,6,0,6
BRDA:30,7,0,8
BRDA:32,8,0,58
BRDA:34,9,0,2
BRDA:35,10,0,3
BRDA:36,11,0,0
BRDA:37,12,0,1
BRDA:38,13,0,4
BRDA:39,14,0,2
BRDA:40,15,0,4
BRDA:41,16,0,2
BRDA:43,17,0,8
BRDA:57,18,0,13
BRDA:61,19,0,3
BRDA:67,20,0,26
BRDA:70,21,0,3
BRDA:76,22,0,5
BRDA:79,23,0,4
BRDA:80,24,0,0
BRDA:86,25,0,2
BRDA:89,26,0,0
BRDA:95,27,0,2
BRDA:98,28,0,0
BRDA:104,29,0,2
BRDA:107,30,0,0
BRDA:134,31,0,17
BRDA:135,32,0,4
BRDA:136,33,0,13
BRDA:139,34,0,8
BRDA:139,35,0,7
BRDA:145,36,0,6
BRDA:146,37,0,1
BRDA:149,38,0,5
BRDA:167,39,0,11
BRDA:168,40,0,10
BRDA:168,41,0,2
BRDA:169,42,0,1
BRDA:171,43,0,9
BRDA:172,44,0,7
BRDA:172,45,0,2
BRDA:182,46,0,4
BRDA:200,47,0,5
BRDA:205,48,0,0
BRDA:228,49,0,5
BRDA:232,50,0,1
BRDA:233,51,0,3
BRDA:235,52,0,1
BRDA:236,53,0,2
BRDA:237,54,0,1
BRDA:238,55,0,1
BRDA:239,56,0,1
BRDA:242,57,0,2
BRF:58
BRH:51
end_of_record
TN:
SF:error-toast.js
FN:20,injectStyles
FN:52,getHost
FN:67,showError
FN:111,dismiss
FNF:4
FNH:4
FNDA:16,injectStyles
FNDA:16,getHost
FNDA:17,showError
FNDA:3,dismiss
DA:1,12
DA:2,12
DA:3,12
DA:4,12
DA:5,12
DA:6,12
DA:7,12
DA:8,12
DA:9,12
DA:10,12
DA:11,12
DA:12,12
DA:13,12
DA:14,12
DA:15,12
DA:16,12
DA:17,12
DA:18,12
DA:19,12
DA:20,12
DA:21,16
DA:22,11
DA:23,11
DA:24,11
DA:25,11
DA:26,11
DA:27,11
DA:28,11
DA:29,11
DA:30,11
DA:31,11
DA:32,11
DA:33,11
DA:34,11
DA:35,11
DA:36,11
DA:37,11
DA:38,11
DA:39,11
DA:40,11
DA:41,11
DA:42,11
DA:43,11
DA:44,11
DA:45,11
DA:46,11
DA:47,11
DA:48,11
DA:49,11
DA:50,16
DA:51,12
DA:52,12
DA:53,16
DA:54,16
DA:55,11
DA:56,11
DA:57,16
DA:58,16
DA:59,16
DA:60,12
DA:61,12
DA:62,12
DA:63,12
DA:64,12
DA:65,12
DA:66,12
DA:67,12
DA:68,17
DA:69,17
DA:70,17
DA:71,17
DA:72,16
DA:73,16
DA:74,16
DA:75,16
DA:76,16
DA:77,17
DA:78,2
DA:79,2
DA:80,16
DA:81,16
DA:82,16
DA:83,17
DA:84,17
DA:85,17
DA:86,17
DA:87,17
DA:88,17
DA:89,17
DA:90,17
DA:91,17
DA:92,17
DA:93,17
DA:94,17
DA:95,17
DA:96,17
DA:97,17
DA:98,17
DA:99,17
DA:100,17
DA:101,17
DA:102,17
DA:103,17
DA:104,17
DA:105,17
DA:106,0
DA:107,0
DA:108,16
DA:109,17
DA:110,12
DA:111,12
DA:112,3
DA:113,3
DA:114,3
DA:115,3
DA:116,3
DA:117,3
DA:118,12
DA:119,12
DA:120,12
DA:121,12
DA:122,12
DA:123,12
DA:124,12
DA:125,12
DA:126,12
DA:127,12
LF:127
LH:125
BRDA:1,0,0,12
BRDA:127,1,0,0
BRDA:12,2,0,12
BRDA:20,3,0,16
BRDA:21,4,0,5
BRDA:22,5,0,11
BRDA:52,6,0,16
BRDA:54,7,0,5
BRDA:55,8,0,11
BRDA:57,9,0,0
BRDA:67,10,0,17
BRDA:68,11,0,1
BRDA:69,12,0,0
BRDA:70,13,0,0
BRDA:71,14,0,1
BRDA:72,15,0,16
BRDA:77,16,0,2
BRDA:80,17,0,16
BRDA:83,18,0,5
BRDA:83,19,0,11
BRDA:84,20,0,5
BRDA:84,21,0,11
BRDA:104,22,0,16
BRDA:104,23,0,0
BRDA:105,24,0,0
BRDA:108,25,0,16
BRDA:111,26,0,3
BRDA:112,27,0,0
BRDA:114,28,0,3
BRDA:115,29,0,2
BRF:30
BRH:23
end_of_record
